2025-03-27 13:44:58,050 - INFO - Saved keypoints: data/key/v.json
2025-03-27 13:45:01,313 - INFO - Saved keypoints: data/key/a.json
2025-03-27 13:45:02,805 - INFO - Saved keypoints: data/key/no_fear.json
2025-03-27 13:45:04,781 - INFO - Saved keypoints: data/key/w.json
2025-03-27 13:45:06,853 - INFO - Saved keypoints: data/key/woman.json
2025-03-27 13:45:08,298 - INFO - Saved keypoints: data/key/bye.json
2025-03-27 13:45:10,293 - INFO - Saved keypoints: data/key/u.json
2025-03-27 13:45:12,497 - INFO - Saved keypoints: data/key/b.json
2025-03-27 13:45:13,905 - INFO - Saved keypoints: data/key/good_evening.json
2025-03-27 13:45:15,833 - INFO - Saved keypoints: data/key/c.json
2025-03-27 13:45:18,433 - INFO - Saved keypoints: data/key/t.json
2025-03-27 13:45:21,075 - INFO - Saved keypoints: data/key/bright.json
2025-03-27 13:45:23,664 - INFO - Saved keypoints: data/key/wife.json
2025-03-27 13:45:25,138 - INFO - Saved keypoints: data/key/child.json
2025-03-27 13:45:27,081 - INFO - Saved keypoints: data/key/beautiful.json
2025-03-27 13:45:29,812 - INFO - Saved keypoints: data/key/g.json
2025-03-27 13:45:31,849 - INFO - Saved keypoints: data/key/p.json
2025-03-27 13:45:32,626 - INFO - Saved keypoints: data/key/father.json
2025-03-27 13:45:34,772 - INFO - Saved keypoints: data/key/indian.json
2025-03-27 13:45:36,200 - INFO - Saved keypoints: data/key/q.json
2025-03-27 13:45:37,555 - INFO - Saved keypoints: data/key/f.json
2025-03-27 13:45:38,894 - INFO - Saved keypoints: data/key/fat.json
2025-03-27 13:45:40,886 - INFO - Saved keypoints: data/key/welcome.json
2025-03-27 13:45:42,884 - INFO - Saved keypoints: data/key/generous.json
2025-03-27 13:45:45,347 - INFO - Saved keypoints: data/key/boy.json
2025-03-27 13:45:46,806 - INFO - Saved keypoints: data/key/table.json
2025-03-27 13:45:48,141 - INFO - Saved keypoints: data/key/good_night.json
2025-03-27 13:45:50,527 - INFO - Saved keypoints: data/key/d.json
2025-03-27 13:45:51,873 - INFO - Saved keypoints: data/key/s.json
2025-03-27 13:45:53,821 - INFO - Saved keypoints: data/key/how_are_you.json
2025-03-27 13:45:55,845 - INFO - Saved keypoints: data/key/i_1.json
2025-03-27 13:45:57,202 - INFO - Saved keypoints: data/key/r.json
2025-03-27 13:45:59,890 - INFO - Saved keypoints: data/key/e.json
2025-03-27 13:46:01,283 - INFO - Saved keypoints: data/key/peace.json
2025-03-27 13:46:04,151 - INFO - Saved keypoints: data/key/bad.json
2025-03-27 13:46:07,364 - INFO - Saved keypoints: data/key/grandfather.json
2025-03-27 13:46:09,247 - INFO - Saved keypoints: data/key/food.json
2025-03-27 13:46:10,738 - INFO - Saved keypoints: data/key/strong.json
2025-03-27 13:46:13,426 - INFO - Saved keypoints: data/key/she.json
2025-03-27 13:46:16,078 - INFO - Saved keypoints: data/key/man.json
2025-03-27 13:46:17,418 - INFO - Saved keypoints: data/key/again.json
2025-03-27 13:46:19,355 - INFO - Saved keypoints: data/key/weak.json
2025-03-27 13:46:22,013 - INFO - Saved keypoints: data/key/flower.json
2025-03-27 13:46:23,886 - INFO - Saved keypoints: data/key/easy.json
2025-03-27 13:46:25,989 - INFO - Saved keypoints: data/key/husband.json
2025-03-27 13:46:27,344 - INFO - Saved keypoints: data/key/car.json
2025-03-27 13:46:30,491 - INFO - Saved keypoints: data/key/ugly.json
2025-03-27 13:46:32,680 - INFO - Saved keypoints: data/key/thank_you_very_much.json
2025-03-27 13:46:34,065 - INFO - Saved keypoints: data/key/deaf.json
2025-03-27 13:46:36,693 - INFO - Saved keypoints: data/key/language.json
2025-03-27 13:46:38,076 - INFO - Saved keypoints: data/key/sweet.json
2025-03-27 13:46:41,338 - INFO - Saved keypoints: data/key/iam_fine.json
2025-03-27 13:46:43,874 - INFO - Saved keypoints: data/key/daughter.json
2025-03-27 13:46:47,137 - INFO - Saved keypoints: data/key/he.json
2025-03-27 13:46:48,601 - INFO - Saved keypoints: data/key/hello.json
2025-03-27 13:46:49,533 - INFO - Saved keypoints: data/key/tree.json
2025-03-27 13:46:51,015 - INFO - Saved keypoints: data/key/family.json
2025-03-27 13:46:53,706 - INFO - Saved keypoints: data/key/good_afternoon.json
2025-03-27 13:46:55,632 - INFO - Saved keypoints: data/key/remember.json
2025-03-27 13:46:57,582 - INFO - Saved keypoints: data/key/sister.json
2025-03-27 13:46:58,932 - INFO - Saved keypoints: data/key/house.json
2025-03-27 13:47:00,359 - INFO - Saved keypoints: data/key/yes.json
2025-03-27 13:47:01,796 - INFO - Saved keypoints: data/key/short.json
2025-03-27 13:47:03,791 - INFO - Saved keypoints: data/key/i_dont_understand.json
2025-03-27 13:47:05,170 - INFO - Saved keypoints: data/key/hearing.json
2025-03-27 13:47:08,418 - INFO - Saved keypoints: data/key/girl.json
2025-03-27 13:47:11,525 - INFO - Saved keypoints: data/key/brother.json
2025-03-27 13:47:12,338 - INFO - Saved keypoints: data/key/mother.json
2025-03-27 13:47:14,361 - INFO - Saved keypoints: data/key/clever.json
2025-03-27 13:47:16,433 - INFO - Saved keypoints: data/key/sorry.json
2025-03-27 13:47:18,606 - INFO - Saved keypoints: data/key/difficult.json
2025-03-27 13:47:21,250 - INFO - Saved keypoints: data/key/teacher.json
2025-03-27 13:47:24,435 - INFO - Saved keypoints: data/key/aunt.json
2025-03-27 13:47:25,782 - INFO - Saved keypoints: data/key/you.json
2025-03-27 13:47:28,600 - INFO - Saved keypoints: data/key/practice.json
2025-03-27 13:47:31,814 - INFO - Saved keypoints: data/key/h.json
2025-03-27 13:47:35,012 - INFO - Saved keypoints: data/key/day.json
2025-03-27 13:47:37,466 - INFO - Saved keypoints: data/key/tall.json
2025-03-27 13:47:40,707 - INFO - Saved keypoints: data/key/i.json
2025-03-27 13:47:42,702 - INFO - Saved keypoints: data/key/namaste.json
2025-03-27 13:47:44,067 - INFO - Saved keypoints: data/key/happy.json
2025-03-27 13:47:46,063 - INFO - Saved keypoints: data/key/understand.json
2025-03-27 13:47:46,822 - INFO - Saved keypoints: data/key/good_morning.json
2025-03-27 13:47:48,823 - INFO - Saved keypoints: data/key/me.json
2025-03-27 13:47:50,880 - INFO - Saved keypoints: data/key/k.json
2025-03-27 13:47:52,311 - INFO - Saved keypoints: data/key/wrong.json
2025-03-27 13:47:53,686 - INFO - Saved keypoints: data/key/correct.json
2025-03-27 13:47:56,345 - INFO - Saved keypoints: data/key/j.json
2025-03-27 13:47:58,344 - INFO - Saved keypoints: data/key/grandmother.json
2025-03-27 13:47:59,186 - INFO - Saved keypoints: data/key/good.json
2025-03-27 13:47:59,972 - INFO - Saved keypoints: data/key/my_name_is.json
2025-03-27 13:48:01,378 - INFO - Saved keypoints: data/key/thin.json
2025-03-27 13:48:03,432 - INFO - Saved keypoints: data/key/y.json
2025-03-27 13:48:05,944 - INFO - Saved keypoints: data/key/n.json
2025-03-27 13:48:07,344 - INFO - Saved keypoints: data/key/sad.json
2025-03-27 13:48:09,334 - INFO - Saved keypoints: data/key/son.json
2025-03-27 13:48:11,328 - INFO - Saved keypoints: data/key/o.json
2025-03-27 13:48:14,242 - INFO - Saved keypoints: data/key/x.json
2025-03-27 13:48:16,873 - INFO - Saved keypoints: data/key/apartment.json
2025-03-27 13:48:19,401 - INFO - Saved keypoints: data/key/dark.json
2025-03-27 13:48:21,299 - INFO - Saved keypoints: data/key/no.json
2025-03-27 13:48:23,298 - INFO - Saved keypoints: data/key/z.json
2025-03-27 13:48:24,752 - INFO - Saved keypoints: data/key/m.json
2025-03-27 13:48:26,703 - INFO - Saved keypoints: data/key/please.json
2025-03-27 13:48:29,997 - INFO - Saved keypoints: data/key/thank_you.json
2025-03-27 13:48:32,516 - INFO - Saved keypoints: data/key/l.json
2025-03-27 13:48:33,268 - INFO - Saved keypoints: data/key/uncle.json
2025-03-27 13:48:33,268 - INFO - Keypoint extraction completed!
2025-03-27 14:14:12,744 - INFO - Saved keypoints: data/key/which.json
2025-03-27 14:14:14,093 - INFO - Saved keypoints: data/key/v.json
2025-03-27 14:14:15,541 - INFO - Saved keypoints: data/key/how.json
2025-03-27 14:14:18,243 - INFO - Saved keypoints: data/key/a.json
2025-03-27 14:14:19,583 - INFO - Saved keypoints: data/key/answer.json
2025-03-27 14:14:20,981 - INFO - Saved keypoints: data/key/no_fear.json
2025-03-27 14:14:22,943 - INFO - Saved keypoints: data/key/w.json
2025-03-27 14:14:24,414 - INFO - Saved keypoints: data/key/woman.json
2025-03-27 14:14:25,891 - INFO - Saved keypoints: data/key/bye.json
2025-03-27 14:14:27,853 - INFO - Saved keypoints: data/key/u.json
2025-03-27 14:14:29,263 - INFO - Saved keypoints: data/key/b.json
2025-03-27 14:14:30,662 - INFO - Saved keypoints: data/key/good_evening.json
2025-03-27 14:14:32,615 - INFO - Saved keypoints: data/key/c.json
2025-03-27 14:14:34,649 - INFO - Saved keypoints: data/key/t.json
2025-03-27 14:14:36,643 - INFO - Saved keypoints: data/key/bright.json
2025-03-27 14:14:38,546 - INFO - Saved keypoints: data/key/wife.json
2025-03-27 14:14:39,954 - INFO - Saved keypoints: data/key/child.json
2025-03-27 14:14:41,894 - INFO - Saved keypoints: data/key/beautiful.json
2025-03-27 14:14:43,883 - INFO - Saved keypoints: data/key/g.json
2025-03-27 14:14:45,242 - INFO - Saved keypoints: data/key/p.json
2025-03-27 14:14:46,020 - INFO - Saved keypoints: data/key/father.json
2025-03-27 14:14:48,055 - INFO - Saved keypoints: data/key/indian.json
2025-03-27 14:14:49,432 - INFO - Saved keypoints: data/key/q.json
2025-03-27 14:14:50,788 - INFO - Saved keypoints: data/key/f.json
2025-03-27 14:14:52,201 - INFO - Saved keypoints: data/key/fat.json
2025-03-27 14:14:53,580 - INFO - Saved keypoints: data/key/welcome.json
2025-03-27 14:14:55,620 - INFO - Saved keypoints: data/key/generous.json
2025-03-27 14:14:56,998 - INFO - Saved keypoints: data/key/boy.json
2025-03-27 14:14:58,414 - INFO - Saved keypoints: data/key/table.json
2025-03-27 14:14:59,809 - INFO - Saved keypoints: data/key/good_night.json
2025-03-27 14:15:01,527 - INFO - Saved keypoints: data/key/this.json
2025-03-27 14:15:03,156 - INFO - Saved keypoints: data/key/d.json
2025-03-27 14:15:04,062 - INFO - Saved keypoints: data/key/camera.json
2025-03-27 14:15:05,905 - INFO - Saved keypoints: data/key/s.json
2025-03-27 14:15:08,033 - INFO - Saved keypoints: data/key/how_are_you.json
2025-03-27 14:15:09,408 - INFO - Saved keypoints: data/key/what.json
2025-03-27 14:15:10,757 - INFO - Saved keypoints: data/key/i_1.json
2025-03-27 14:15:12,104 - INFO - Saved keypoints: data/key/r.json
2025-03-27 14:15:14,156 - INFO - Saved keypoints: data/key/e.json
2025-03-27 14:15:15,558 - INFO - Saved keypoints: data/key/peace.json
2025-03-27 14:15:16,921 - INFO - Saved keypoints: data/key/bad.json
2025-03-27 14:15:18,875 - INFO - Saved keypoints: data/key/grandfather.json
2025-03-27 14:15:20,243 - INFO - Saved keypoints: data/key/food.json
2025-03-27 14:15:21,647 - INFO - Saved keypoints: data/key/strong.json
2025-03-27 14:15:24,152 - INFO - Saved keypoints: data/key/photo.json
2025-03-27 14:15:25,641 - INFO - Saved keypoints: data/key/when.json
2025-03-27 14:15:26,999 - INFO - Saved keypoints: data/key/she.json
2025-03-27 14:15:28,433 - INFO - Saved keypoints: data/key/man.json
2025-03-27 14:15:29,798 - INFO - Saved keypoints: data/key/again.json
2025-03-27 14:15:31,199 - INFO - Saved keypoints: data/key/weak.json
2025-03-27 14:15:33,161 - INFO - Saved keypoints: data/key/flower.json
2025-03-27 14:15:34,540 - INFO - Saved keypoints: data/key/easy.json
2025-03-27 14:15:36,584 - INFO - Saved keypoints: data/key/husband.json
2025-03-27 14:15:37,959 - INFO - Saved keypoints: data/key/car.json
2025-03-27 14:15:39,926 - INFO - Saved keypoints: data/key/ugly.json
2025-03-27 14:15:41,481 - INFO - Saved keypoints: data/key/thank_you_very_much.json
2025-03-27 14:15:42,867 - INFO - Saved keypoints: data/key/deaf.json
2025-03-27 14:15:45,429 - INFO - Saved keypoints: data/key/language.json
2025-03-27 14:15:46,808 - INFO - Saved keypoints: data/key/sweet.json
2025-03-27 14:15:48,792 - INFO - Saved keypoints: data/key/iam_fine.json
2025-03-27 14:15:50,811 - INFO - Saved keypoints: data/key/daughter.json
2025-03-27 14:15:52,770 - INFO - Saved keypoints: data/key/he.json
2025-03-27 14:15:54,132 - INFO - Saved keypoints: data/key/hello.json
2025-03-27 14:15:55,069 - INFO - Saved keypoints: data/key/tree.json
2025-03-27 14:15:55,980 - INFO - Saved keypoints: data/key/family.json
2025-03-27 14:15:57,424 - INFO - Saved keypoints: data/key/good_afternoon.json
2025-03-27 14:15:59,094 - INFO - Saved keypoints: data/key/where.json
2025-03-27 14:16:00,496 - INFO - Saved keypoints: data/key/remember.json
2025-03-27 14:16:02,119 - INFO - Saved keypoints: data/key/sister.json
2025-03-27 14:16:03,483 - INFO - Saved keypoints: data/key/house.json
2025-03-27 14:16:04,333 - INFO - Saved keypoints: data/key/yes.json
2025-03-27 14:16:05,806 - INFO - Saved keypoints: data/key/short.json
2025-03-27 14:16:07,212 - INFO - Saved keypoints: data/key/sign.json
2025-03-27 14:16:09,132 - INFO - Saved keypoints: data/key/i_dont_understand.json
2025-03-27 14:16:10,532 - INFO - Saved keypoints: data/key/who.json
2025-03-27 14:16:11,924 - INFO - Saved keypoints: data/key/hearing.json
2025-03-27 14:16:13,883 - INFO - Saved keypoints: data/key/girl.json
2025-03-27 14:16:15,840 - INFO - Saved keypoints: data/key/brother.json
2025-03-27 14:16:16,630 - INFO - Saved keypoints: data/key/mother.json
2025-03-27 14:16:18,551 - INFO - Saved keypoints: data/key/clever.json
2025-03-27 14:16:19,982 - INFO - Saved keypoints: data/key/face.json
2025-03-27 14:16:21,479 - INFO - Saved keypoints: data/key/why.json
2025-03-27 14:16:22,943 - INFO - Saved keypoints: data/key/sorry.json
2025-03-27 14:16:24,384 - INFO - Saved keypoints: data/key/difficult.json
2025-03-27 14:16:25,827 - INFO - Saved keypoints: data/key/teacher.json
2025-03-27 14:16:27,790 - INFO - Saved keypoints: data/key/aunt.json
2025-03-27 14:16:29,159 - INFO - Saved keypoints: data/key/you.json
2025-03-27 14:16:30,724 - INFO - Saved keypoints: data/key/practice.json
2025-03-27 14:16:32,668 - INFO - Saved keypoints: data/key/h.json
2025-03-27 14:16:34,629 - INFO - Saved keypoints: data/key/day.json
2025-03-27 14:16:36,558 - INFO - Saved keypoints: data/key/tall.json
2025-03-27 14:16:38,563 - INFO - Saved keypoints: data/key/i.json
2025-03-27 14:16:40,540 - INFO - Saved keypoints: data/key/namaste.json
2025-03-27 14:16:41,901 - INFO - Saved keypoints: data/key/happy.json
2025-03-27 14:16:43,880 - INFO - Saved keypoints: data/key/understand.json
2025-03-27 14:16:44,654 - INFO - Saved keypoints: data/key/good_morning.json
2025-03-27 14:16:46,011 - INFO - Saved keypoints: data/key/me.json
2025-03-27 14:16:48,031 - INFO - Saved keypoints: data/key/k.json
2025-03-27 14:16:49,483 - INFO - Saved keypoints: data/key/wrong.json
2025-03-27 14:16:50,860 - INFO - Saved keypoints: data/key/correct.json
2025-03-27 14:16:52,175 - INFO - Saved keypoints: data/key/paper.json
2025-03-27 14:16:54,134 - INFO - Saved keypoints: data/key/j.json
2025-03-27 14:16:56,680 - INFO - Saved keypoints: data/key/work.json
2025-03-27 14:16:58,155 - INFO - Saved keypoints: data/key/grandmother.json
2025-03-27 14:16:58,994 - INFO - Saved keypoints: data/key/good.json
2025-03-27 14:16:59,816 - INFO - Saved keypoints: data/key/my_name_is.json
2025-03-27 14:17:00,700 - INFO - Saved keypoints: data/key/thin.json
2025-03-27 14:17:02,109 - INFO - Saved keypoints: data/key/y.json
2025-03-27 14:17:04,081 - INFO - Saved keypoints: data/key/n.json
2025-03-27 14:17:05,518 - INFO - Saved keypoints: data/key/sad.json
2025-03-27 14:17:06,976 - INFO - Saved keypoints: data/key/question.json
2025-03-27 14:17:09,027 - INFO - Saved keypoints: data/key/son.json
2025-03-27 14:17:11,076 - INFO - Saved keypoints: data/key/o.json
2025-03-27 14:17:13,068 - INFO - Saved keypoints: data/key/x.json
2025-03-27 14:17:15,141 - INFO - Saved keypoints: data/key/apartment.json
2025-03-27 14:17:17,269 - INFO - Saved keypoints: data/key/dark.json
2025-03-27 14:17:18,611 - INFO - Saved keypoints: data/key/time.json
2025-03-27 14:17:19,992 - INFO - Saved keypoints: data/key/no.json
2025-03-27 14:17:22,075 - INFO - Saved keypoints: data/key/z.json
2025-03-27 14:17:23,542 - INFO - Saved keypoints: data/key/m.json
2025-03-27 14:17:25,694 - INFO - Saved keypoints: data/key/please.json
2025-03-27 14:17:27,746 - INFO - Saved keypoints: data/key/thank_you.json
2025-03-27 14:17:29,757 - INFO - Saved keypoints: data/key/l.json
2025-03-27 14:17:30,516 - INFO - Saved keypoints: data/key/uncle.json
2025-03-27 14:17:30,516 - INFO - Keypoint extraction completed!
